Build started 18.09.2015 12:58:02.
     1>Project "G:\projects\lab1_kirinyuk_slinko\lab1_kirinyuk_slinko\lab1_kirinyuk_slinko.vcxproj" on node 2 (build target(s)).
     1>InitializeBuildStatus:
         Creating "Release\lab1_kirinyuk_slinko.unsuccessfulbuild" because "AlwaysCreate" was specified.
       ClCompile:
         C:\Program Files\Microsoft Visual Studio 10.0\VC\bin\CL.exe /c /Zi /nologo /W3 /WX- /O2 /Oi /Oy- /GL /D _MBCS /Gm- /EHsc /MD /GS /Gy /fp:precise /Zc:wchar_t /Zc:forScope /Fo"Release\\" /Fd"Release\vc100.pdb" /Gd /TP /analyze- /errorReport:prompt main.cpp
         main.cpp
       Link:
         C:\Program Files\Microsoft Visual Studio 10.0\VC\bin\link.exe /ERRORREPORT:PROMPT /OUT:"G:\projects\lab1_kirinyuk_slinko\Release\lab1_kirinyuk_slinko.exe" /NOLOGO kernel32.lib user32.lib gdi32.lib winspool.lib comdlg32.lib advapi32.lib shell32.lib ole32.lib oleaut32.lib uuid.lib odbc32.lib odbccp32.lib /MANIFEST /ManifestFile:"Release\lab1_kirinyuk_slinko.exe.intermediate.manifest" /MANIFESTUAC:"level='asInvoker' uiAccess='false'" /DEBUG /PDB:"G:\projects\lab1_kirinyuk_slinko\Release\lab1_kirinyuk_slinko.pdb" /OPT:REF /OPT:ICF /LTCG /TLBID:1 /DYNAMICBASE /NXCOMPAT /IMPLIB:"G:\projects\lab1_kirinyuk_slinko\Release\lab1_kirinyuk_slinko.lib" /MACHINE:X86 Release\main.obj
         Generating code
         Finished generating code
         lab1_kirinyuk_slinko.vcxproj -> G:\projects\lab1_kirinyuk_slinko\Release\lab1_kirinyuk_slinko.exe
       Manifest:
         C:\Program Files\Microsoft SDKs\Windows\v7.0A\bin\mt.exe /nologo /verbose /outputresource:"G:\projects\lab1_kirinyuk_slinko\Release\lab1_kirinyuk_slinko.exe;#1" /manifest Release\lab1_kirinyuk_slinko.exe.intermediate.manifest
       FinalizeBuildStatus:
         Deleting file "Release\lab1_kirinyuk_slinko.unsuccessfulbuild".
         Touching "Release\lab1_kirinyuk_slinko.lastbuildstate".
     1>Done Building Project "G:\projects\lab1_kirinyuk_slinko\lab1_kirinyuk_slinko\lab1_kirinyuk_slinko.vcxproj" (build target(s)).

Build succeeded.

Time Elapsed 00:00:06.44
