Build started 18.09.2015 12:59:50.
     1>Project "G:\projects\lab1_kirinyuk_slinko\lab1_kirinyuk_slinko\lab1_kirinyuk_slinko.vcxproj" on node 2 (build target(s)).
     1>PrepareForBuild:
         Creating directory "G:\projects\lab1_kirinyuk_slinko\Debug\".
       InitializeBuildStatus:
         Creating "Debug\lab1_kirinyuk_slinko.unsuccessfulbuild" because "AlwaysCreate" was specified.
       ClCompile:
         C:\Program Files\Microsoft Visual Studio 10.0\VC\bin\CL.exe /c /ZI /nologo /W3 /WX- /Od /Oy- /D _MBCS /Gm /EHsc /RTC1 /MDd /GS /fp:precise /Zc:wchar_t /Zc:forScope /Fo"Debug\\" /Fd"Debug\vc100.pdb" /Gd /TP /analyze- /errorReport:prompt main.cpp
         main.cpp
       Link:
         C:\Program Files\Microsoft Visual Studio 10.0\VC\bin\link.exe /ERRORREPORT:PROMPT /OUT:"G:\projects\lab1_kirinyuk_slinko\Debug\lab1_kirinyuk_slinko.exe" /NOLOGO kernel32.lib user32.lib gdi32.lib winspool.lib comdlg32.lib advapi32.lib shell32.lib ole32.lib oleaut32.lib uuid.lib odbc32.lib odbccp32.lib /MANIFEST /ManifestFile:"Debug\lab1_kirinyuk_slinko.exe.intermediate.manifest" /MANIFESTUAC:"level='asInvoker' uiAccess='false'" /DEBUG /PDB:"G:\projects\lab1_kirinyuk_slinko\Debug\lab1_kirinyuk_slinko.pdb" /TLBID:1 /DYNAMICBASE /NXCOMPAT /IMPLIB:"G:\projects\lab1_kirinyuk_slinko\Debug\lab1_kirinyuk_slinko.lib" /MACHINE:X86 Debug\main.obj
         lab1_kirinyuk_slinko.vcxproj -> G:\projects\lab1_kirinyuk_slinko\Debug\lab1_kirinyuk_slinko.exe
       Manifest:
         C:\Program Files\Microsoft SDKs\Windows\v7.0A\bin\mt.exe /nologo /verbose /outputresource:"G:\projects\lab1_kirinyuk_slinko\Debug\lab1_kirinyuk_slinko.exe;#1" /manifest Debug\lab1_kirinyuk_slinko.exe.intermediate.manifest
       FinalizeBuildStatus:
         Deleting file "Debug\lab1_kirinyuk_slinko.unsuccessfulbuild".
         Touching "Debug\lab1_kirinyuk_slinko.lastbuildstate".
     1>Done Building Project "G:\projects\lab1_kirinyuk_slinko\lab1_kirinyuk_slinko\lab1_kirinyuk_slinko.vcxproj" (build target(s)).

Build succeeded.

Time Elapsed 00:00:06.02
